{"C:\\Users\\betha\\Desktop\\Source Code\\redux-starter\\src\\math.js": {"path":"C:\\Users\\betha\\Desktop\\Source Code\\redux-starter\\src\\math.js","statementMap":{"0":{"start":{"line":2,"column":22},"end":{"line":2,"column":48}},"1":{"start":{"line":2,"column":32},"end":{"line":2,"column":48}}},"fnMap":{"0":{"name":"(anonymous_0)","decl":{"start":{"line":2,"column":22},"end":{"line":2,"column":23}},"loc":{"start":{"line":2,"column":32},"end":{"line":2,"column":48}},"line":2}},"branchMap":{},"s":{"0":1,"1":2},"f":{"0":2},"b":{},"_coverageSchema":"1a1c01bbd47fc00a2c39e90264f33305004495a9","hash":"0c96e10cb42cd5088359d53678fb2cbd948cf045"}
,"C:\\Users\\betha\\Desktop\\Source Code\\redux-starter\\src\\store\\api.js": {"path":"C:\\Users\\betha\\Desktop\\Source Code\\redux-starter\\src\\store\\api.js","statementMap":{"0":{"start":{"line":3,"column":28},"end":{"line":3,"column":56}},"1":{"start":{"line":4,"column":30},"end":{"line":4,"column":60}},"2":{"start":{"line":5,"column":29},"end":{"line":5,"column":58}}},"fnMap":{},"branchMap":{},"s":{"0":1,"1":1,"2":1},"f":{},"b":{},"_coverageSchema":"1a1c01bbd47fc00a2c39e90264f33305004495a9","hash":"3d6cd1a9d406de10fb1628410526b6d7dc712db1"}
,"C:\\Users\\betha\\Desktop\\Source Code\\redux-starter\\src\\store\\bugs.js": {"path":"C:\\Users\\betha\\Desktop\\Source Code\\redux-starter\\src\\store\\bugs.js","statementMap":{"0":{"start":{"line":8,"column":14},"end":{"line":47,"column":2}},"1":{"start":{"line":17,"column":42},"end":{"line":17,"column":56}},"2":{"start":{"line":18,"column":26},"end":{"line":18,"column":70}},"3":{"start":{"line":18,"column":53},"end":{"line":18,"column":69}},"4":{"start":{"line":19,"column":12},"end":{"line":19,"column":62}},"5":{"start":{"line":19,"column":29},"end":{"line":19,"column":62}},"6":{"start":{"line":26,"column":12},"end":{"line":26,"column":43}},"7":{"start":{"line":30,"column":26},"end":{"line":30,"column":82}},"8":{"start":{"line":30,"column":53},"end":{"line":30,"column":81}},"9":{"start":{"line":31,"column":12},"end":{"line":31,"column":63}},"10":{"start":{"line":31,"column":30},"end":{"line":31,"column":63}},"11":{"start":{"line":34,"column":12},"end":{"line":34,"column":39}},"12":{"start":{"line":35,"column":12},"end":{"line":35,"column":33}},"13":{"start":{"line":37,"column":12},"end":{"line":37,"column":40}},"14":{"start":{"line":41,"column":12},"end":{"line":41,"column":32}},"15":{"start":{"line":44,"column":12},"end":{"line":44,"column":33}},"16":{"start":{"line":57,"column":4},"end":{"line":57,"column":17}},"17":{"start":{"line":61,"column":16},"end":{"line":61,"column":23}},"18":{"start":{"line":65,"column":24},"end":{"line":80,"column":1}},"19":{"start":{"line":65,"column":30},"end":{"line":80,"column":1}},"20":{"start":{"line":67,"column":26},"end":{"line":67,"column":50}},"21":{"start":{"line":69,"column":30},"end":{"line":69,"column":73}},"22":{"start":{"line":70,"column":4},"end":{"line":70,"column":35}},"23":{"start":{"line":72,"column":4},"end":{"line":72,"column":39}},"24":{"start":{"line":72,"column":32},"end":{"line":72,"column":39}},"25":{"start":{"line":74,"column":4},"end":{"line":79,"column":8}},"26":{"start":{"line":93,"column":22},"end":{"line":98,"column":2}},"27":{"start":{"line":93,"column":29},"end":{"line":98,"column":2}},"28":{"start":{"line":100,"column":31},"end":{"line":105,"column":2}},"29":{"start":{"line":100,"column":50},"end":{"line":105,"column":2}},"30":{"start":{"line":108,"column":26},"end":{"line":114,"column":2}},"31":{"start":{"line":108,"column":32},"end":{"line":114,"column":2}},"32":{"start":{"line":116,"column":29},"end":{"line":120,"column":3}},"33":{"start":{"line":117,"column":2},"end":{"line":120,"column":3}},"34":{"start":{"line":118,"column":13},"end":{"line":118,"column":32}},"35":{"start":{"line":119,"column":12},"end":{"line":119,"column":58}},"36":{"start":{"line":119,"column":36},"end":{"line":119,"column":57}},"37":{"start":{"line":122,"column":33},"end":{"line":126,"column":1}},"38":{"start":{"line":123,"column":11},"end":{"line":123,"column":30}},"39":{"start":{"line":124,"column":11},"end":{"line":124,"column":34}},"40":{"start":{"line":125,"column":22},"end":{"line":125,"column":60}},"41":{"start":{"line":125,"column":46},"end":{"line":125,"column":59}}},"fnMap":{"0":{"name":"(anonymous_0)","decl":{"start":{"line":16,"column":27},"end":{"line":16,"column":28}},"loc":{"start":{"line":16,"column":45},"end":{"line":20,"column":9}},"line":16},"1":{"name":"(anonymous_1)","decl":{"start":{"line":18,"column":46},"end":{"line":18,"column":47}},"loc":{"start":{"line":18,"column":53},"end":{"line":18,"column":69}},"line":18},"2":{"name":"(anonymous_2)","decl":{"start":{"line":25,"column":18},"end":{"line":25,"column":19}},"loc":{"start":{"line":25,"column":36},"end":{"line":27,"column":9}},"line":25},"3":{"name":"(anonymous_3)","decl":{"start":{"line":29,"column":21},"end":{"line":29,"column":22}},"loc":{"start":{"line":29,"column":39},"end":{"line":32,"column":9}},"line":29},"4":{"name":"(anonymous_4)","decl":{"start":{"line":30,"column":46},"end":{"line":30,"column":47}},"loc":{"start":{"line":30,"column":53},"end":{"line":30,"column":81}},"line":30},"5":{"name":"(anonymous_5)","decl":{"start":{"line":33,"column":22},"end":{"line":33,"column":23}},"loc":{"start":{"line":33,"column":40},"end":{"line":38,"column":9}},"line":33},"6":{"name":"(anonymous_6)","decl":{"start":{"line":39,"column":23},"end":{"line":39,"column":24}},"loc":{"start":{"line":39,"column":41},"end":{"line":42,"column":9}},"line":39},"7":{"name":"(anonymous_7)","decl":{"start":{"line":43,"column":27},"end":{"line":43,"column":28}},"loc":{"start":{"line":43,"column":45},"end":{"line":45,"column":9}},"line":43},"8":{"name":"(anonymous_8)","decl":{"start":{"line":65,"column":24},"end":{"line":65,"column":25}},"loc":{"start":{"line":65,"column":30},"end":{"line":80,"column":1}},"line":65},"9":{"name":"(anonymous_9)","decl":{"start":{"line":65,"column":30},"end":{"line":65,"column":31}},"loc":{"start":{"line":65,"column":54},"end":{"line":80,"column":1}},"line":65},"10":{"name":"(anonymous_10)","decl":{"start":{"line":93,"column":22},"end":{"line":93,"column":23}},"loc":{"start":{"line":93,"column":29},"end":{"line":98,"column":2}},"line":93},"11":{"name":"(anonymous_11)","decl":{"start":{"line":100,"column":31},"end":{"line":100,"column":32}},"loc":{"start":{"line":100,"column":50},"end":{"line":105,"column":2}},"line":100},"12":{"name":"(anonymous_12)","decl":{"start":{"line":108,"column":26},"end":{"line":108,"column":27}},"loc":{"start":{"line":108,"column":32},"end":{"line":114,"column":2}},"line":108},"13":{"name":"(anonymous_13)","decl":{"start":{"line":116,"column":29},"end":{"line":116,"column":30}},"loc":{"start":{"line":117,"column":2},"end":{"line":120,"column":3}},"line":117},"14":{"name":"(anonymous_14)","decl":{"start":{"line":118,"column":4},"end":{"line":118,"column":5}},"loc":{"start":{"line":118,"column":13},"end":{"line":118,"column":32}},"line":118},"15":{"name":"(anonymous_15)","decl":{"start":{"line":119,"column":4},"end":{"line":119,"column":5}},"loc":{"start":{"line":119,"column":12},"end":{"line":119,"column":58}},"line":119},"16":{"name":"(anonymous_16)","decl":{"start":{"line":119,"column":29},"end":{"line":119,"column":30}},"loc":{"start":{"line":119,"column":36},"end":{"line":119,"column":57}},"line":119},"17":{"name":"(anonymous_17)","decl":{"start":{"line":123,"column":2},"end":{"line":123,"column":3}},"loc":{"start":{"line":123,"column":11},"end":{"line":123,"column":30}},"line":123},"18":{"name":"(anonymous_18)","decl":{"start":{"line":124,"column":2},"end":{"line":124,"column":3}},"loc":{"start":{"line":124,"column":11},"end":{"line":124,"column":34}},"line":124},"19":{"name":"(anonymous_19)","decl":{"start":{"line":125,"column":2},"end":{"line":125,"column":3}},"loc":{"start":{"line":125,"column":22},"end":{"line":125,"column":60}},"line":125},"20":{"name":"(anonymous_20)","decl":{"start":{"line":125,"column":39},"end":{"line":125,"column":40}},"loc":{"start":{"line":125,"column":46},"end":{"line":125,"column":59}},"line":125}},"branchMap":{"0":{"loc":{"start":{"line":19,"column":12},"end":{"line":19,"column":62}},"type":"if","locations":[{"start":{"line":19,"column":12},"end":{"line":19,"column":62}},{"start":{},"end":{}}],"line":19},"1":{"loc":{"start":{"line":31,"column":12},"end":{"line":31,"column":63}},"type":"if","locations":[{"start":{"line":31,"column":12},"end":{"line":31,"column":63}},{"start":{},"end":{}}],"line":31},"2":{"loc":{"start":{"line":72,"column":4},"end":{"line":72,"column":39}},"type":"if","locations":[{"start":{"line":72,"column":4},"end":{"line":72,"column":39}},{"start":{},"end":{}}],"line":72}},"s":{"0":1,"1":0,"2":0,"3":0,"4":0,"5":0,"6":1,"7":0,"8":0,"9":0,"10":0,"11":0,"12":0,"13":0,"14":0,"15":0,"16":1,"17":1,"18":1,"19":0,"20":0,"21":0,"22":0,"23":0,"24":0,"25":0,"26":1,"27":3,"28":1,"29":0,"30":1,"31":0,"32":1,"33":0,"34":0,"35":0,"36":0,"37":1,"38":0,"39":0,"40":0,"41":0},"f":{"0":0,"1":0,"2":1,"3":0,"4":0,"5":0,"6":0,"7":0,"8":0,"9":0,"10":3,"11":0,"12":0,"13":0,"14":0,"15":0,"16":0,"17":0,"18":0,"19":0,"20":0},"b":{"0":[0,0],"1":[0,0],"2":[0,0]},"_coverageSchema":"1a1c01bbd47fc00a2c39e90264f33305004495a9","hash":"5621d25c3f56c9c714292f8ef0562f13cc08bebf"}
,"C:\\Users\\betha\\Desktop\\Source Code\\redux-starter\\src\\store\\configureStore.js": {"path":"C:\\Users\\betha\\Desktop\\Source Code\\redux-starter\\src\\store\\configureStore.js","statementMap":{"0":{"start":{"line":14,"column":18},"end":{"line":20,"column":6}},"1":{"start":{"line":21,"column":4},"end":{"line":21,"column":17}}},"fnMap":{"0":{"name":"createStore","decl":{"start":{"line":8,"column":24},"end":{"line":8,"column":35}},"loc":{"start":{"line":8,"column":38},"end":{"line":22,"column":1}},"line":8}},"branchMap":{},"s":{"0":2,"1":2},"f":{"0":2},"b":{},"_coverageSchema":"1a1c01bbd47fc00a2c39e90264f33305004495a9","hash":"fffed19eede3d5c6612e24d2a8aa524d76d3255c"}
,"C:\\Users\\betha\\Desktop\\Source Code\\redux-starter\\src\\store\\entities.js": {"path":"C:\\Users\\betha\\Desktop\\Source Code\\redux-starter\\src\\store\\entities.js","statementMap":{},"fnMap":{},"branchMap":{},"s":{},"f":{},"b":{},"_coverageSchema":"1a1c01bbd47fc00a2c39e90264f33305004495a9","hash":"58b7f2ac1a54af7ebce1b8a00cc6c5eea9c12f1b"}
,"C:\\Users\\betha\\Desktop\\Source Code\\redux-starter\\src\\store\\projects.js": {"path":"C:\\Users\\betha\\Desktop\\Source Code\\redux-starter\\src\\store\\projects.js","statementMap":{"0":{"start":{"line":3,"column":13},"end":{"line":3,"column":14}},"1":{"start":{"line":6,"column":14},"end":{"line":19,"column":2}},"2":{"start":{"line":13,"column":12},"end":{"line":16,"column":14}},"3":{"start":{"line":24,"column":32},"end":{"line":24,"column":45}}},"fnMap":{"0":{"name":"(anonymous_0)","decl":{"start":{"line":11,"column":22},"end":{"line":11,"column":23}},"loc":{"start":{"line":11,"column":41},"end":{"line":17,"column":9}},"line":11}},"branchMap":{},"s":{"0":1,"1":1,"2":0,"3":1},"f":{"0":0},"b":{},"_coverageSchema":"1a1c01bbd47fc00a2c39e90264f33305004495a9","hash":"192d1bbcfc2891e0cabfa6d619d6271fe1935dfe"}
,"C:\\Users\\betha\\Desktop\\Source Code\\redux-starter\\src\\store\\reducer.js": {"path":"C:\\Users\\betha\\Desktop\\Source Code\\redux-starter\\src\\store\\reducer.js","statementMap":{},"fnMap":{},"branchMap":{},"s":{},"f":{},"b":{},"_coverageSchema":"1a1c01bbd47fc00a2c39e90264f33305004495a9","hash":"eae59257290fae3fa1b214e244a0bb2b38fcb7c6"}
,"C:\\Users\\betha\\Desktop\\Source Code\\redux-starter\\src\\store\\users.js": {"path":"C:\\Users\\betha\\Desktop\\Source Code\\redux-starter\\src\\store\\users.js","statementMap":{"0":{"start":{"line":3,"column":13},"end":{"line":3,"column":14}},"1":{"start":{"line":6,"column":14},"end":{"line":19,"column":2}},"2":{"start":{"line":13,"column":12},"end":{"line":16,"column":14}},"3":{"start":{"line":24,"column":29},"end":{"line":24,"column":42}}},"fnMap":{"0":{"name":"(anonymous_0)","decl":{"start":{"line":11,"column":19},"end":{"line":11,"column":20}},"loc":{"start":{"line":11,"column":38},"end":{"line":17,"column":9}},"line":11}},"branchMap":{},"s":{"0":1,"1":1,"2":0,"3":1},"f":{"0":0},"b":{},"_coverageSchema":"1a1c01bbd47fc00a2c39e90264f33305004495a9","hash":"21c0090848c9e541e419fb2ece07d4d36c7983d7"}
,"C:\\Users\\betha\\Desktop\\Source Code\\redux-starter\\src\\store\\middleware\\api.js": {"path":"C:\\Users\\betha\\Desktop\\Source Code\\redux-starter\\src\\store\\middleware\\api.js","statementMap":{"0":{"start":{"line":8,"column":12},"end":{"line":48,"column":1}},"1":{"start":{"line":8,"column":21},"end":{"line":48,"column":1}},"2":{"start":{"line":8,"column":29},"end":{"line":48,"column":1}},"3":{"start":{"line":9,"column":4},"end":{"line":13,"column":5}},"4":{"start":{"line":11,"column":7},"end":{"line":11,"column":20}},"5":{"start":{"line":12,"column":7},"end":{"line":12,"column":14}},"6":{"start":{"line":15,"column":64},"end":{"line":15,"column":78}},"7":{"start":{"line":18,"column":4},"end":{"line":20,"column":5}},"8":{"start":{"line":19,"column":7},"end":{"line":19,"column":41}},"9":{"start":{"line":23,"column":4},"end":{"line":23,"column":17}},"10":{"start":{"line":25,"column":4},"end":{"line":46,"column":5}},"11":{"start":{"line":26,"column":25},"end":{"line":31,"column":10}},"12":{"start":{"line":34,"column":8},"end":{"line":34,"column":62}},"13":{"start":{"line":36,"column":8},"end":{"line":37,"column":72}},"14":{"start":{"line":37,"column":12},"end":{"line":37,"column":72}},"15":{"start":{"line":41,"column":8},"end":{"line":41,"column":35}},"16":{"start":{"line":42,"column":8},"end":{"line":42,"column":61}},"17":{"start":{"line":44,"column":8},"end":{"line":45,"column":70}},"18":{"start":{"line":45,"column":12},"end":{"line":45,"column":70}}},"fnMap":{"0":{"name":"(anonymous_0)","decl":{"start":{"line":8,"column":12},"end":{"line":8,"column":13}},"loc":{"start":{"line":8,"column":21},"end":{"line":48,"column":1}},"line":8},"1":{"name":"(anonymous_1)","decl":{"start":{"line":8,"column":21},"end":{"line":8,"column":22}},"loc":{"start":{"line":8,"column":29},"end":{"line":48,"column":1}},"line":8},"2":{"name":"(anonymous_2)","decl":{"start":{"line":8,"column":29},"end":{"line":8,"column":30}},"loc":{"start":{"line":8,"column":45},"end":{"line":48,"column":1}},"line":8}},"branchMap":{"0":{"loc":{"start":{"line":9,"column":4},"end":{"line":13,"column":5}},"type":"if","locations":[{"start":{"line":9,"column":4},"end":{"line":13,"column":5}},{"start":{},"end":{}}],"line":9},"1":{"loc":{"start":{"line":18,"column":4},"end":{"line":20,"column":5}},"type":"if","locations":[{"start":{"line":18,"column":4},"end":{"line":20,"column":5}},{"start":{},"end":{}}],"line":18},"2":{"loc":{"start":{"line":36,"column":8},"end":{"line":37,"column":72}},"type":"if","locations":[{"start":{"line":36,"column":8},"end":{"line":37,"column":72}},{"start":{},"end":{}}],"line":36},"3":{"loc":{"start":{"line":44,"column":8},"end":{"line":45,"column":70}},"type":"if","locations":[{"start":{"line":44,"column":8},"end":{"line":45,"column":70}},{"start":{},"end":{}}],"line":44}},"s":{"0":1,"1":2,"2":2,"3":5,"4":3,"5":3,"6":2,"7":2,"8":0,"9":2,"10":2,"11":2,"12":1,"13":1,"14":1,"15":1,"16":1,"17":1,"18":0},"f":{"0":2,"1":2,"2":5},"b":{"0":[3,2],"1":[0,2],"2":[1,0],"3":[0,1]},"_coverageSchema":"1a1c01bbd47fc00a2c39e90264f33305004495a9","hash":"1aca2549fb401af9aab9cb2b05c540874b3e46e1"}
}
